/Users/riddhichatterjee/opt/anaconda3/lib/python3.9/site-packages/torch/nn/modules/container.py:141: UserWarning: Implicit dimension choice for softmax has been deprecated. Change the call to include dim=X as an argument.
  input = module(input)
/Users/riddhichatterjee/opt/anaconda3/lib/python3.9/site-packages/torch/nn/modules/container.py:141: UserWarning: Implicit dimension choice for softmax has been deprecated. Change the call to include dim=X as an argument.
  input = module(input)
Dimensions: 150 -> 146 -> 1
Dimensions: 150 -> 146 -> 1
/Users/riddhichatterjee/opt/anaconda3/lib/python3.9/site-packages/torch/nn/modules/container.py:141: UserWarning: Implicit dimension choice for softmax has been deprecated. Change the call to include dim=X as an argument.
  input = module(input)
Dimensions: 150 -> 146 -> 1
Traceback (most recent call last):
  File "/Users/riddhichatterjee/SummerProject2022/Repetition-Counting/DM-Testing/Final-Experiments/LSTM-CNN-GEN-DMap-OpBJ/CV_Trainer.py", line 283, in <module>
    saveModel() #Periodically saving the model and optimiser state dictionaries
  File "/Users/riddhichatterjee/SummerProject2022/Repetition-Counting/DM-Testing/Final-Experiments/LSTM-CNN-GEN-DMap-OpBJ/CV_Trainer.py", line 16, in saveModel
    with open("Exercises/"+str(exercise)+"/CV/checkpoint_"+str(testIndex)+".pth", "w") as c:
FileNotFoundError: [Errno 2] No such file or directory: 'Exercises/0/CV/checkpoint_3.pth'
/opt/anaconda3/envs/torch/lib/python3.7/site-packages/torch/nn/modules/container.py:117: UserWarning: Implicit dimension choice for softmax has been deprecated. Change the call to include dim=X as an argument.
  input = module(input)
Dimensions: 150 -> 146 -> 1
/opt/anaconda3/envs/torch/lib/python3.7/site-packages/torch/nn/modules/container.py:117: UserWarning: Implicit dimension choice for softmax has been deprecated. Change the call to include dim=X as an argument.
  input = module(input)
Dimensions: 150 -> 146 -> 1
/opt/anaconda3/envs/torch/lib/python3.7/site-packages/torch/nn/modules/container.py:117: UserWarning: Implicit dimension choice for softmax has been deprecated. Change the call to include dim=X as an argument.
  input = module(input)
Dimensions: 150 -> 146 -> 1
/opt/anaconda3/envs/torch/lib/python3.7/site-packages/torch/nn/modules/container.py:117: UserWarning: Implicit dimension choice for softmax has been deprecated. Change the call to include dim=X as an argument.
  input = module(input)
Dimensions: 150 -> 146 -> 1
/opt/anaconda3/envs/torch/lib/python3.7/site-packages/torch/nn/modules/container.py:117: UserWarning: Implicit dimension choice for softmax has been deprecated. Change the call to include dim=X as an argument.
  input = module(input)
Dimensions: 150 -> 146 -> 1
